mode: set
github.com/jwenz723/telchat/tcp/tcp.go:21.35,22.43 1 1
github.com/jwenz723/telchat/tcp/tcp.go:25.2,25.85 1 1
github.com/jwenz723/telchat/tcp/tcp.go:22.43,24.3 1 1
github.com/jwenz723/telchat/tcp/tcp.go:43.68,55.2 1 1
github.com/jwenz723/telchat/tcp/tcp.go:58.33,59.15 1 1
github.com/jwenz723/telchat/tcp/tcp.go:65.2,66.16 2 1
github.com/jwenz723/telchat/tcp/tcp.go:70.2,70.12 1 1
github.com/jwenz723/telchat/tcp/tcp.go:80.2,85.6 3 1
github.com/jwenz723/telchat/tcp/tcp.go:59.15,62.3 2 1
github.com/jwenz723/telchat/tcp/tcp.go:66.16,68.3 1 0
github.com/jwenz723/telchat/tcp/tcp.go:70.12,71.7 1 1
github.com/jwenz723/telchat/tcp/tcp.go:71.7,73.18 2 1
github.com/jwenz723/telchat/tcp/tcp.go:73.18,75.5 1 1
github.com/jwenz723/telchat/tcp/tcp.go:75.10,77.5 1 1
github.com/jwenz723/telchat/tcp/tcp.go:85.6,86.10 1 1
github.com/jwenz723/telchat/tcp/tcp.go:88.35,89.59 1 1
github.com/jwenz723/telchat/tcp/tcp.go:92.32,93.53 1 1
github.com/jwenz723/telchat/tcp/tcp.go:96.36,97.43 1 1
github.com/jwenz723/telchat/tcp/tcp.go:99.17,102.18 3 1
github.com/jwenz723/telchat/tcp/tcp.go:105.4,105.14 1 1
github.com/jwenz723/telchat/tcp/tcp.go:102.18,104.5 1 0
github.com/jwenz723/telchat/tcp/tcp.go:111.26,112.6 1 1
github.com/jwenz723/telchat/tcp/tcp.go:112.6,114.31 2 1
github.com/jwenz723/telchat/tcp/tcp.go:114.31,121.4 4 1
github.com/jwenz723/telchat/tcp/tcp.go:126.57,130.2 3 1
github.com/jwenz723/telchat/tcp/tcp.go:133.84,135.39 2 1
github.com/jwenz723/telchat/tcp/tcp.go:152.2,157.40 2 1
github.com/jwenz723/telchat/tcp/tcp.go:135.39,137.43 2 1
github.com/jwenz723/telchat/tcp/tcp.go:137.43,140.18 3 1
github.com/jwenz723/telchat/tcp/tcp.go:144.4,148.28 1 1
github.com/jwenz723/telchat/tcp/tcp.go:140.18,142.5 1 0
github.com/jwenz723/telchat/tcp/tcp.go:161.46,165.2 3 1
github.com/jwenz723/telchat/tcp/tcp.go:168.57,172.9 4 1
github.com/jwenz723/telchat/tcp/tcp.go:175.2,175.12 1 1
github.com/jwenz723/telchat/tcp/tcp.go:172.9,174.3 1 0
github.com/jwenz723/telchat/tcp/tcp.go:179.102,182.16 3 1
github.com/jwenz723/telchat/tcp/tcp.go:187.2,189.16 3 1
github.com/jwenz723/telchat/tcp/tcp.go:194.2,196.20 3 1
github.com/jwenz723/telchat/tcp/tcp.go:199.2,208.16 4 1
github.com/jwenz723/telchat/tcp/tcp.go:213.2,213.12 1 1
github.com/jwenz723/telchat/tcp/tcp.go:217.2,217.6 1 1
github.com/jwenz723/telchat/tcp/tcp.go:230.2,230.25 1 1
github.com/jwenz723/telchat/tcp/tcp.go:182.16,185.3 2 0
github.com/jwenz723/telchat/tcp/tcp.go:189.16,192.3 2 0
github.com/jwenz723/telchat/tcp/tcp.go:196.20,198.3 1 1
github.com/jwenz723/telchat/tcp/tcp.go:208.16,211.3 2 0
github.com/jwenz723/telchat/tcp/tcp.go:213.12,215.3 1 1
github.com/jwenz723/telchat/tcp/tcp.go:217.6,219.17 2 1
github.com/jwenz723/telchat/tcp/tcp.go:223.3,227.31 2 1
github.com/jwenz723/telchat/tcp/tcp.go:219.17,220.9 1 1
github.com/jwenz723/telchat/tcp/tcp.go:234.74,244.2 4 1
github.com/jwenz723/telchat/tcp/tcp.go:247.52,250.12 2 1
github.com/jwenz723/telchat/tcp/tcp.go:264.2,264.10 1 1
github.com/jwenz723/telchat/tcp/tcp.go:250.12,251.16 1 1
github.com/jwenz723/telchat/tcp/tcp.go:256.3,257.28 2 1
github.com/jwenz723/telchat/tcp/tcp.go:251.16,254.4 2 1
github.com/jwenz723/telchat/tcp/tcp.go:257.28,261.4 3 1
github.com/jwenz723/telchat/tcp/tcp.go:268.36,270.2 1 1
github.com/jwenz723/telchat/tcp/tcp.go:273.43,275.2 1 1
